<?xml version="1.0" encoding="UTF-8"?>
<!-- Generated by org.testng.reporters.JUnitReportReporter -->
<testsuite hostname="ADPRO-004030" name="com.fcn.tests.SampleTestCase" tests="1" failures="0" timestamp="1 Nov 2016 12:33:54 GMT" time="0.164" errors="0">
  <testcase name="tc1" time="0.164" classname="com.fcn.tests.SampleTestCase"/>
</testsuite> <!-- com.fcn.tests.SampleTestCase -->
