<?xml version="1.0" encoding="UTF-8"?>
<!-- Generated by org.testng.reporters.JUnitReportReporter -->
<testsuite skipped="0" hostname="ADPRO-004033" name="ad2pro.fcn.tests.SampleTestCase" tests="1" failures="0" timestamp="12 Mar 2017 04:23:59 GMT" time="98.863" errors="0">
  <testcase name="jdTraffic" time="98.863" classname="ad2pro.fcn.tests.SampleTestCase"/>
</testsuite> <!-- ad2pro.fcn.tests.SampleTestCase -->
