<?xml version="1.0" encoding="UTF-8"?>
<!-- Generated by org.testng.reporters.JUnitReportReporter -->
<testsuite hostname="CESCHNDES-1007" name="com.fcn.tests.SampleBusinessTestCase" tests="1" failures="0" timestamp="9 Aug 2016 12:13:41 GMT" time="58.744" errors="0">
  <testcase name="tc1" time="58.744" classname="com.fcn.tests.SampleBusinessTestCase"/>
</testsuite> <!-- com.fcn.tests.SampleBusinessTestCase -->
