<?xml version="1.0" encoding="UTF-8"?>
<!-- Generated by org.testng.reporters.JUnitReportReporter -->
<testsuite skipped="0" hostname="ADPRO-001734" name="ad2pro.fcn.tests.BaseTest" tests="1" failures="0" timestamp="11 Dec 2017 09:08:04 GMT" time="55.475" errors="1">
  <testcase name="setup" time="55.475" classname="ad2pro.fcn.tests.BaseTest">
    <error type="org.openqa.selenium.WebDriverException" message="Failed to connect to binary FirefoxBinary(C:\Program Files\Mozilla Firefox\firefox.exe) on port 7055; process output follows: 
83254942	DeferredSave.addons.json	DEBUG	Starting write
1512983254949	DeferredSave.webext.sc.lz4	DEBUG	Save changes
1512983254950	DeferredSave.webext.sc.lz4	DEBUG	Save changes
1512983255100	DeferredSave.addons.json	DEBUG	Write succeeded
1512983255415	addons.xpi	INFO	Mapping fxdriver@googlecode.com to C:\Users\sgovind\AppData\Local\Temp\anonymous7865451061178090263webdriver-profile\extensions\fxdriver@googlecode.com
1512983255415	addons.xpi	DEBUG	Ignoring file entry whose name is not a valid add-on ID: C:\Users\sgovind\AppData\Local\Temp\anonymous7865451061178090263webdriver-profile\extensions\webdriver-staging
1512983255416	addons.xpi	DEBUG	Existing add-on fxdriver@googlecode.com in app-profile
1512983255417	addons.xpi	INFO	Mapping activity-stream@mozilla.org to C:\Program Files\Mozilla Firefox\browser\features\activity-stream@mozilla.org.xpi
1512983255417	addons.xpi	INFO	Mapping aushelper@mozilla.org to C:\Program Files\Mozilla Firefox\browser\features\aushelper@mozilla.org.xpi
1512983255418	addons.xpi	INFO	Mapping e10srollout@mozilla.org to C:\Program Files\Mozilla Firefox\browser\features\e10srollout@mozilla.org.xpi
1512983255418	addons.xpi	INFO	Mapping firefox@getpocket.com to C:\Program Files\Mozilla Firefox\browser\features\firefox@getpocket.com.xpi
1512983255418	addons.xpi	INFO	Mapping followonsearch@mozilla.com to C:\Program Files\Mozilla Firefox\browser\features\followonsearch@mozilla.com.xpi
1512983255418	addons.xpi	INFO	Mapping formautofill@mozilla.org to C:\Program Files\Mozilla Firefox\browser\features\formautofill@mozilla.org.xpi
1512983255418	addons.xpi	INFO	Mapping onboarding@mozilla.org to C:\Program Files\Mozilla Firefox\browser\features\onboarding@mozilla.org.xpi
1512983255419	addons.xpi	INFO	Mapping screenshots@mozilla.org to C:\Program Files\Mozilla Firefox\browser\features\screenshots@mozilla.org.xpi
1512983255419	addons.xpi	INFO	Mapping shield-recipe-client@mozilla.org to C:\Program Files\Mozilla Firefox\browser\features\shield-recipe-client@mozilla.org.xpi
1512983255420	addons.xpi	INFO	Mapping webcompat@mozilla.org to C:\Program Files\Mozilla Firefox\browser\features\webcompat@mozilla.org.xpi
1512983255422	addons.xpi	DEBUG	Existing add-on activity-stream@mozilla.org in app-system-defaults
1512983255423	addons.xpi	DEBUG	Existing add-on aushelper@mozilla.org in app-system-defaults
1512983255424	addons.xpi	DEBUG	Existing add-on e10srollout@mozilla.org in app-system-defaults
1512983255425	addons.xpi	DEBUG	Existing add-on firefox@getpocket.com in app-system-defaults
1512983255425	addons.xpi	DEBUG	Existing add-on followonsearch@mozilla.com in app-system-defaults
1512983255426	addons.xpi	DEBUG	Existing add-on formautofill@mozilla.org in app-system-defaults
1512983255427	addons.xpi	DEBUG	Existing add-on onboarding@mozilla.org in app-system-defaults
1512983255428	addons.xpi	DEBUG	Existing add-on screenshots@mozilla.org in app-system-defaults
1512983255429	addons.xpi	DEBUG	Existing add-on shield-recipe-client@mozilla.org in app-system-defaults
1512983255430	addons.xpi	DEBUG	Existing add-on webcompat@mozilla.org in app-system-defaults
1512983255431	addons.xpi	INFO	Mapping {972ce4c6-7e08-4474-a285-3208198ce6fd} to C:\Program Files\Mozilla Firefox\browser\extensions\{972ce4c6-7e08-4474-a285-3208198ce6fd}.xpi
1512983255432	addons.xpi	DEBUG	Existing add-on {972ce4c6-7e08-4474-a285-3208198ce6fd} in app-global
1512983255433	addons.xpi	DEBUG	getInstallState changed: false, state: {}
1512983259322	DeferredSave.webext.sc.lz4	DEBUG	Starting write
1512983259394	DeferredSave.webext.sc.lz4	DEBUG	Write succeeded
1512983274003	addons.productaddons	INFO	sending request to: https://aus5.mozilla.org/update/3/GMP/57.0/20171112125346/WINNT_x86_64-msvc-x64/en-GB/release/Windows_NT%206.1.1.0%20(x64)/default/default/update.xml
1512983274900	addons.productaddons	INFO	Completed downloading document
1512983275452	addons.productaddons	INFO	downloadXHR File download. status=200
1512983275462	addons.productaddons	INFO	Downloaded file will be saved to C:\Users\sgovind\AppData\Local\Temp\tmpaddon-1f9163

Build info: version: &#039;2.52.0&#039;, revision: &#039;4c2593cfc3689a7fcd7be52549167e5ccc93ad28&#039;, time: &#039;2016-02-11 11:22:43&#039;
System info: host: &#039;ADPRO-001734&#039;, ip: &#039;192.168.0.165&#039;, os.name: &#039;Windows 7&#039;, os.arch: &#039;amd64&#039;, os.version: &#039;6.1&#039;, java.version: &#039;1.8.0_144&#039;
Driver info: driver.version: Driver">
      <![CDATA[org.openqa.selenium.WebDriverException: Failed to connect to binary FirefoxBinary(C:\Program Files\Mozilla Firefox\firefox.exe) on port 7055; process output follows: 
83254942	DeferredSave.addons.json	DEBUG	Starting write
1512983254949	DeferredSave.webext.sc.lz4	DEBUG	Save changes
1512983254950	DeferredSave.webext.sc.lz4	DEBUG	Save changes
1512983255100	DeferredSave.addons.json	DEBUG	Write succeeded
1512983255415	addons.xpi	INFO	Mapping fxdriver@googlecode.com to C:\Users\sgovind\AppData\Local\Temp\anonymous7865451061178090263webdriver-profile\extensions\fxdriver@googlecode.com
1512983255415	addons.xpi	DEBUG	Ignoring file entry whose name is not a valid add-on ID: C:\Users\sgovind\AppData\Local\Temp\anonymous7865451061178090263webdriver-profile\extensions\webdriver-staging
1512983255416	addons.xpi	DEBUG	Existing add-on fxdriver@googlecode.com in app-profile
1512983255417	addons.xpi	INFO	Mapping activity-stream@mozilla.org to C:\Program Files\Mozilla Firefox\browser\features\activity-stream@mozilla.org.xpi
1512983255417	addons.xpi	INFO	Mapping aushelper@mozilla.org to C:\Program Files\Mozilla Firefox\browser\features\aushelper@mozilla.org.xpi
1512983255418	addons.xpi	INFO	Mapping e10srollout@mozilla.org to C:\Program Files\Mozilla Firefox\browser\features\e10srollout@mozilla.org.xpi
1512983255418	addons.xpi	INFO	Mapping firefox@getpocket.com to C:\Program Files\Mozilla Firefox\browser\features\firefox@getpocket.com.xpi
1512983255418	addons.xpi	INFO	Mapping followonsearch@mozilla.com to C:\Program Files\Mozilla Firefox\browser\features\followonsearch@mozilla.com.xpi
1512983255418	addons.xpi	INFO	Mapping formautofill@mozilla.org to C:\Program Files\Mozilla Firefox\browser\features\formautofill@mozilla.org.xpi
1512983255418	addons.xpi	INFO	Mapping onboarding@mozilla.org to C:\Program Files\Mozilla Firefox\browser\features\onboarding@mozilla.org.xpi
1512983255419	addons.xpi	INFO	Mapping screenshots@mozilla.org to C:\Program Files\Mozilla Firefox\browser\features\screenshots@mozilla.org.xpi
1512983255419	addons.xpi	INFO	Mapping shield-recipe-client@mozilla.org to C:\Program Files\Mozilla Firefox\browser\features\shield-recipe-client@mozilla.org.xpi
1512983255420	addons.xpi	INFO	Mapping webcompat@mozilla.org to C:\Program Files\Mozilla Firefox\browser\features\webcompat@mozilla.org.xpi
1512983255422	addons.xpi	DEBUG	Existing add-on activity-stream@mozilla.org in app-system-defaults
1512983255423	addons.xpi	DEBUG	Existing add-on aushelper@mozilla.org in app-system-defaults
1512983255424	addons.xpi	DEBUG	Existing add-on e10srollout@mozilla.org in app-system-defaults
1512983255425	addons.xpi	DEBUG	Existing add-on firefox@getpocket.com in app-system-defaults
1512983255425	addons.xpi	DEBUG	Existing add-on followonsearch@mozilla.com in app-system-defaults
1512983255426	addons.xpi	DEBUG	Existing add-on formautofill@mozilla.org in app-system-defaults
1512983255427	addons.xpi	DEBUG	Existing add-on onboarding@mozilla.org in app-system-defaults
1512983255428	addons.xpi	DEBUG	Existing add-on screenshots@mozilla.org in app-system-defaults
1512983255429	addons.xpi	DEBUG	Existing add-on shield-recipe-client@mozilla.org in app-system-defaults
1512983255430	addons.xpi	DEBUG	Existing add-on webcompat@mozilla.org in app-system-defaults
1512983255431	addons.xpi	INFO	Mapping {972ce4c6-7e08-4474-a285-3208198ce6fd} to C:\Program Files\Mozilla Firefox\browser\extensions\{972ce4c6-7e08-4474-a285-3208198ce6fd}.xpi
1512983255432	addons.xpi	DEBUG	Existing add-on {972ce4c6-7e08-4474-a285-3208198ce6fd} in app-global
1512983255433	addons.xpi	DEBUG	getInstallState changed: false, state: {}
1512983259322	DeferredSave.webext.sc.lz4	DEBUG	Starting write
1512983259394	DeferredSave.webext.sc.lz4	DEBUG	Write succeeded
1512983274003	addons.productaddons	INFO	sending request to: https://aus5.mozilla.org/update/3/GMP/57.0/20171112125346/WINNT_x86_64-msvc-x64/en-GB/release/Windows_NT%206.1.1.0%20(x64)/default/default/update.xml
1512983274900	addons.productaddons	INFO	Completed downloading document
1512983275452	addons.productaddons	INFO	downloadXHR File download. status=200
1512983275462	addons.productaddons	INFO	Downloaded file will be saved to C:\Users\sgovind\AppData\Local\Temp\tmpaddon-1f9163

Build info: version: '2.52.0', revision: '4c2593cfc3689a7fcd7be52549167e5ccc93ad28', time: '2016-02-11 11:22:43'
System info: host: 'ADPRO-001734', ip: '192.168.0.165', os.name: 'Windows 7', os.arch: 'amd64', os.version: '6.1', java.version: '1.8.0_144'
Driver info: driver.version: Driver
	at org.openqa.selenium.firefox.internal.NewProfileExtensionConnection.start(NewProfileExtensionConnection.java:125)
	at org.openqa.selenium.firefox.FirefoxDriver.startClient(FirefoxDriver.java:271)
	at org.openqa.selenium.remote.RemoteWebDriver.<init>(RemoteWebDriver.java:119)
	at org.openqa.selenium.firefox.FirefoxDriver.<init>(FirefoxDriver.java:216)
	at org.openqa.selenium.firefox.FirefoxDriver.<init>(FirefoxDriver.java:211)
	at org.openqa.selenium.firefox.FirefoxDriver.<init>(FirefoxDriver.java:207)
	at org.openqa.selenium.firefox.FirefoxDriver.<init>(FirefoxDriver.java:120)
	at ad2pro.fw.utils.Driver.getDriver(Driver.java:96)
	at ad2pro.fw.utils.Driver.<init>(Driver.java:61)
	at ad2pro.fcn.tests.BaseTest.setup(BaseTest.java:89)
	at sun.reflect.NativeMethodAccessorImpl.invoke0(Native Method)
	at sun.reflect.NativeMethodAccessorImpl.invoke(Unknown Source)
	at sun.reflect.DelegatingMethodAccessorImpl.invoke(Unknown Source)
	at java.lang.reflect.Method.invoke(Unknown Source)
	at org.testng.internal.MethodInvocationHelper.invokeMethod(MethodInvocationHelper.java:108)
	at org.testng.internal.Invoker.invokeConfigurationMethod(Invoker.java:523)
	at org.testng.internal.Invoker.invokeConfigurations(Invoker.java:224)
	at org.testng.internal.Invoker.invokeConfigurations(Invoker.java:146)
	at org.testng.SuiteRunner.privateRun(SuiteRunner.java:326)
	at org.testng.SuiteRunner.run(SuiteRunner.java:289)
	at org.testng.SuiteRunnerWorker.runSuite(SuiteRunnerWorker.java:52)
	at org.testng.SuiteRunnerWorker.run(SuiteRunnerWorker.java:86)
	at org.testng.TestNG.runSuitesSequentially(TestNG.java:1301)
	at org.testng.TestNG.runSuitesLocally(TestNG.java:1226)
	at org.testng.TestNG.runSuites(TestNG.java:1144)
	at org.testng.TestNG.run(TestNG.java:1115)
	at org.testng.remote.AbstractRemoteTestNG.run(AbstractRemoteTestNG.java:132)
	at org.testng.remote.RemoteTestNG.initAndRun(RemoteTestNG.java:230)
	at org.testng.remote.RemoteTestNG.main(RemoteTestNG.java:76)
Caused by: org.openqa.selenium.firefox.NotConnectedException: Unable to connect to host 127.0.0.1 on port 7055 after 45000 ms. Firefox console output:
83254942	DeferredSave.addons.json	DEBUG	Starting write
1512983254949	DeferredSave.webext.sc.lz4	DEBUG	Save changes
1512983254950	DeferredSave.webext.sc.lz4	DEBUG	Save changes
1512983255100	DeferredSave.addons.json	DEBUG	Write succeeded
1512983255415	addons.xpi	INFO	Mapping fxdriver@googlecode.com to C:\Users\sgovind\AppData\Local\Temp\anonymous7865451061178090263webdriver-profile\extensions\fxdriver@googlecode.com
1512983255415	addons.xpi	DEBUG	Ignoring file entry whose name is not a valid add-on ID: C:\Users\sgovind\AppData\Local\Temp\anonymous7865451061178090263webdriver-profile\extensions\webdriver-staging
1512983255416	addons.xpi	DEBUG	Existing add-on fxdriver@googlecode.com in app-profile
1512983255417	addons.xpi	INFO	Mapping activity-stream@mozilla.org to C:\Program Files\Mozilla Firefox\browser\features\activity-stream@mozilla.org.xpi
1512983255417	addons.xpi	INFO	Mapping aushelper@mozilla.org to C:\Program Files\Mozilla Firefox\browser\features\aushelper@mozilla.org.xpi
1512983255418	addons.xpi	INFO	Mapping e10srollout@mozilla.org to C:\Program Files\Mozilla Firefox\browser\features\e10srollout@mozilla.org.xpi
1512983255418	addons.xpi	INFO	Mapping firefox@getpocket.com to C:\Program Files\Mozilla Firefox\browser\features\firefox@getpocket.com.xpi
1512983255418	addons.xpi	INFO	Mapping followonsearch@mozilla.com to C:\Program Files\Mozilla Firefox\browser\features\followonsearch@mozilla.com.xpi
1512983255418	addons.xpi	INFO	Mapping formautofill@mozilla.org to C:\Program Files\Mozilla Firefox\browser\features\formautofill@mozilla.org.xpi
1512983255418	addons.xpi	INFO	Mapping onboarding@mozilla.org to C:\Program Files\Mozilla Firefox\browser\features\onboarding@mozilla.org.xpi
1512983255419	addons.xpi	INFO	Mapping screenshots@mozilla.org to C:\Program Files\Mozilla Firefox\browser\features\screenshots@mozilla.org.xpi
1512983255419	addons.xpi	INFO	Mapping shield-recipe-client@mozilla.org to C:\Program Files\Mozilla Firefox\browser\features\shield-recipe-client@mozilla.org.xpi
1512983255420	addons.xpi	INFO	Mapping webcompat@mozilla.org to C:\Program Files\Mozilla Firefox\browser\features\webcompat@mozilla.org.xpi
1512983255422	addons.xpi	DEBUG	Existing add-on activity-stream@mozilla.org in app-system-defaults
1512983255423	addons.xpi	DEBUG	Existing add-on aushelper@mozilla.org in app-system-defaults
1512983255424	addons.xpi	DEBUG	Existing add-on e10srollout@mozilla.org in app-system-defaults
1512983255425	addons.xpi	DEBUG	Existing add-on firefox@getpocket.com in app-system-defaults
1512983255425	addons.xpi	DEBUG	Existing add-on followonsearch@mozilla.com in app-system-defaults
1512983255426	addons.xpi	DEBUG	Existing add-on formautofill@mozilla.org in app-system-defaults
1512983255427	addons.xpi	DEBUG	Existing add-on onboarding@mozilla.org in app-system-defaults
1512983255428	addons.xpi	DEBUG	Existing add-on screenshots@mozilla.org in app-system-defaults
1512983255429	addons.xpi	DEBUG	Existing add-on shield-recipe-client@mozilla.org in app-system-defaults
1512983255430	addons.xpi	DEBUG	Existing add-on webcompat@mozilla.org in app-system-defaults
1512983255431	addons.xpi	INFO	Mapping {972ce4c6-7e08-4474-a285-3208198ce6fd} to C:\Program Files\Mozilla Firefox\browser\extensions\{972ce4c6-7e08-4474-a285-3208198ce6fd}.xpi
1512983255432	addons.xpi	DEBUG	Existing add-on {972ce4c6-7e08-4474-a285-3208198ce6fd} in app-global
1512983255433	addons.xpi	DEBUG	getInstallState changed: false, state: {}
1512983259322	DeferredSave.webext.sc.lz4	DEBUG	Starting write
1512983259394	DeferredSave.webext.sc.lz4	DEBUG	Write succeeded
1512983274003	addons.productaddons	INFO	sending request to: https://aus5.mozilla.org/update/3/GMP/57.0/20171112125346/WINNT_x86_64-msvc-x64/en-GB/release/Windows_NT%206.1.1.0%20(x64)/default/default/update.xml
1512983274900	addons.productaddons	INFO	Completed downloading document
1512983275452	addons.productaddons	INFO	downloadXHR File download. status=200
1512983275462	addons.productaddons	INFO	Downloaded file will be saved to C:\Users\sgovind\AppData\Local\Temp\tmpaddon-1f9163

	at org.openqa.selenium.firefox.internal.NewProfileExtensionConnection.start(NewProfileExtensionConnection.java:113)
	... 28 more
]]>
    </error>
  </testcase> <!-- setup -->
</testsuite> <!-- ad2pro.fcn.tests.BaseTest -->
